Determining if the Q_WS_WIN exist failed with the following output:
Change Dir: /home/jmagundezg/Universidad/Cuarto/Robotica/ejemplo1/cmake-build-debug/CMakeFiles/CMakeTmp

Run Build Command:"/usr/bin/make" "cmTC_f64bf/fast"
/usr/bin/make -f CMakeFiles/cmTC_f64bf.dir/build.make CMakeFiles/cmTC_f64bf.dir/build
make[1]: se entra en el directorio '/home/jmagundezg/Universidad/Cuarto/Robotica/ejemplo1/cmake-build-debug/CMakeFiles/CMakeTmp'
Building CXX object CMakeFiles/cmTC_f64bf.dir/CheckSymbolExists.cxx.o
/usr/bin/c++   -I/usr/include/qt4   -o CMakeFiles/cmTC_f64bf.dir/CheckSymbolExists.cxx.o -c /home/jmagundezg/Universidad/Cuarto/Robotica/ejemplo1/cmake-build-debug/CMakeFiles/CMakeTmp/CheckSymbolExists.cxx
/home/jmagundezg/Universidad/Cuarto/Robotica/ejemplo1/cmake-build-debug/CMakeFiles/CMakeTmp/CheckSymbolExists.cxx: In function ‘int main(int, char**)’:
/home/jmagundezg/Universidad/Cuarto/Robotica/ejemplo1/cmake-build-debug/CMakeFiles/CMakeTmp/CheckSymbolExists.cxx:8:19: error: ‘Q_WS_WIN’ was not declared in this scope
   return ((int*)(&Q_WS_WIN))[argc];
                   ^
CMakeFiles/cmTC_f64bf.dir/build.make:65: fallo en las instrucciones para el objetivo 'CMakeFiles/cmTC_f64bf.dir/CheckSymbolExists.cxx.o'
make[1]: *** [CMakeFiles/cmTC_f64bf.dir/CheckSymbolExists.cxx.o] Error 1
make[1]: se sale del directorio '/home/jmagundezg/Universidad/Cuarto/Robotica/ejemplo1/cmake-build-debug/CMakeFiles/CMakeTmp'
Makefile:121: fallo en las instrucciones para el objetivo 'cmTC_f64bf/fast'
make: *** [cmTC_f64bf/fast] Error 2

File /home/jmagundezg/Universidad/Cuarto/Robotica/ejemplo1/cmake-build-debug/CMakeFiles/CMakeTmp/CheckSymbolExists.cxx:
/* */
#include <QtCore/qglobal.h>

int main(int argc, char** argv)
{
  (void)argv;
#ifndef Q_WS_WIN
  return ((int*)(&Q_WS_WIN))[argc];
#else
  (void)argc;
  return 0;
#endif
}

Determining if the Q_WS_QWS exist failed with the following output:
Change Dir: /home/jmagundezg/Universidad/Cuarto/Robotica/ejemplo1/cmake-build-debug/CMakeFiles/CMakeTmp

Run Build Command:"/usr/bin/make" "cmTC_b91b3/fast"
/usr/bin/make -f CMakeFiles/cmTC_b91b3.dir/build.make CMakeFiles/cmTC_b91b3.dir/build
make[1]: se entra en el directorio '/home/jmagundezg/Universidad/Cuarto/Robotica/ejemplo1/cmake-build-debug/CMakeFiles/CMakeTmp'
Building CXX object CMakeFiles/cmTC_b91b3.dir/CheckSymbolExists.cxx.o
/usr/bin/c++   -I/usr/include/qt4   -o CMakeFiles/cmTC_b91b3.dir/CheckSymbolExists.cxx.o -c /home/jmagundezg/Universidad/Cuarto/Robotica/ejemplo1/cmake-build-debug/CMakeFiles/CMakeTmp/CheckSymbolExists.cxx
/home/jmagundezg/Universidad/Cuarto/Robotica/ejemplo1/cmake-build-debug/CMakeFiles/CMakeTmp/CheckSymbolExists.cxx: In function ‘int main(int, char**)’:
/home/jmagundezg/Universidad/Cuarto/Robotica/ejemplo1/cmake-build-debug/CMakeFiles/CMakeTmp/CheckSymbolExists.cxx:8:19: error: ‘Q_WS_QWS’ was not declared in this scope
   return ((int*)(&Q_WS_QWS))[argc];
                   ^
CMakeFiles/cmTC_b91b3.dir/build.make:65: fallo en las instrucciones para el objetivo 'CMakeFiles/cmTC_b91b3.dir/CheckSymbolExists.cxx.o'
make[1]: *** [CMakeFiles/cmTC_b91b3.dir/CheckSymbolExists.cxx.o] Error 1
make[1]: se sale del directorio '/home/jmagundezg/Universidad/Cuarto/Robotica/ejemplo1/cmake-build-debug/CMakeFiles/CMakeTmp'
Makefile:121: fallo en las instrucciones para el objetivo 'cmTC_b91b3/fast'
make: *** [cmTC_b91b3/fast] Error 2

File /home/jmagundezg/Universidad/Cuarto/Robotica/ejemplo1/cmake-build-debug/CMakeFiles/CMakeTmp/CheckSymbolExists.cxx:
/* */
#include <QtCore/qglobal.h>

int main(int argc, char** argv)
{
  (void)argv;
#ifndef Q_WS_QWS
  return ((int*)(&Q_WS_QWS))[argc];
#else
  (void)argc;
  return 0;
#endif
}

Determining if the Q_WS_MAC exist failed with the following output:
Change Dir: /home/jmagundezg/Universidad/Cuarto/Robotica/ejemplo1/cmake-build-debug/CMakeFiles/CMakeTmp

Run Build Command:"/usr/bin/make" "cmTC_992dd/fast"
/usr/bin/make -f CMakeFiles/cmTC_992dd.dir/build.make CMakeFiles/cmTC_992dd.dir/build
make[1]: se entra en el directorio '/home/jmagundezg/Universidad/Cuarto/Robotica/ejemplo1/cmake-build-debug/CMakeFiles/CMakeTmp'
Building CXX object CMakeFiles/cmTC_992dd.dir/CheckSymbolExists.cxx.o
/usr/bin/c++   -I/usr/include/qt4   -o CMakeFiles/cmTC_992dd.dir/CheckSymbolExists.cxx.o -c /home/jmagundezg/Universidad/Cuarto/Robotica/ejemplo1/cmake-build-debug/CMakeFiles/CMakeTmp/CheckSymbolExists.cxx
/home/jmagundezg/Universidad/Cuarto/Robotica/ejemplo1/cmake-build-debug/CMakeFiles/CMakeTmp/CheckSymbolExists.cxx: In function ‘int main(int, char**)’:
/home/jmagundezg/Universidad/Cuarto/Robotica/ejemplo1/cmake-build-debug/CMakeFiles/CMakeTmp/CheckSymbolExists.cxx:8:19: error: ‘Q_WS_MAC’ was not declared in this scope
   return ((int*)(&Q_WS_MAC))[argc];
                   ^
CMakeFiles/cmTC_992dd.dir/build.make:65: fallo en las instrucciones para el objetivo 'CMakeFiles/cmTC_992dd.dir/CheckSymbolExists.cxx.o'
make[1]: *** [CMakeFiles/cmTC_992dd.dir/CheckSymbolExists.cxx.o] Error 1
make[1]: se sale del directorio '/home/jmagundezg/Universidad/Cuarto/Robotica/ejemplo1/cmake-build-debug/CMakeFiles/CMakeTmp'
Makefile:121: fallo en las instrucciones para el objetivo 'cmTC_992dd/fast'
make: *** [cmTC_992dd/fast] Error 2

File /home/jmagundezg/Universidad/Cuarto/Robotica/ejemplo1/cmake-build-debug/CMakeFiles/CMakeTmp/CheckSymbolExists.cxx:
/* */
#include <QtCore/qglobal.h>

int main(int argc, char** argv)
{
  (void)argv;
#ifndef Q_WS_MAC
  return ((int*)(&Q_WS_MAC))[argc];
#else
  (void)argc;
  return 0;
#endif
}

